<?xml version="1.0" encoding="UTF-8"?>
<coverage generated="1783798965068" clover="3.2.0">
  <project timestamp="1783798965069" name="All files">
    <metrics statements="148" coveredstatements="144" conditionals="35" coveredconditionals="32" methods="50" coveredmethods="50" elements="233" coveredelements="226" complexity="0" loc="148" ncloc="148" packages="3" files="7" classes="7"/>
    <package name="components">
      <metrics statements="2" coveredstatements="2" conditionals="2" coveredconditionals="2" methods="1" coveredmethods="1"/>
      <file name="PrivateRoute.jsx" path="/home/vasu/Projects/Car-Dealership-Inventory-System/frontend/src/components/PrivateRoute.jsx">
        <metrics statements="2" coveredstatements="2" conditionals="2" coveredconditionals="2" methods="1" coveredmethods="1"/>
        <line num="4" count="2" type="stmt"/>
        <line num="5" count="2" type="cond" truecount="2" falsecount="0"/>
      </file>
    </package>
    <package name="pages">
      <metrics statements="126" coveredstatements="122" conditionals="30" coveredconditionals="27" methods="39" coveredmethods="39"/>
      <file name="AdminPage.jsx" path="/home/vasu/Projects/Car-Dealership-Inventory-System/frontend/src/pages/AdminPage.jsx">
        <metrics statements="43" coveredstatements="41" conditionals="6" coveredconditionals="6" methods="13" coveredmethods="13"/>
        <line num="5" count="50" type="stmt"/>
        <line num="6" count="50" type="stmt"/>
        <line num="7" count="50" type="stmt"/>
        <line num="10" count="50" type="stmt"/>
        <line num="11" count="50" type="stmt"/>
        <line num="12" count="50" type="stmt"/>
        <line num="13" count="50" type="stmt"/>
        <line num="14" count="50" type="stmt"/>
        <line num="17" count="50" type="stmt"/>
        <line num="18" count="4" type="stmt"/>
        <line num="21" count="50" type="stmt"/>
        <line num="22" count="4" type="stmt"/>
        <line num="23" count="4" type="stmt"/>
        <line num="24" count="4" type="stmt"/>
        <line num="25" count="4" type="stmt"/>
        <line num="27" count="0" type="stmt"/>
        <line num="29" count="4" type="stmt"/>
        <line num="34" count="50" type="stmt"/>
        <line num="35" count="2" type="stmt"/>
        <line num="36" count="2" type="stmt"/>
        <line num="38" count="2" type="stmt"/>
        <line num="46" count="2" type="stmt"/>
        <line num="47" count="2" type="stmt"/>
        <line num="49" count="1" type="stmt"/>
        <line num="52" count="1" type="stmt"/>
        <line num="53" count="1" type="stmt"/>
        <line num="54" count="1" type="stmt"/>
        <line num="55" count="1" type="stmt"/>
        <line num="56" count="1" type="stmt"/>
        <line num="58" count="1" type="stmt"/>
        <line num="63" count="50" type="stmt"/>
        <line num="64" count="1" type="stmt"/>
        <line num="65" count="1" type="stmt"/>
        <line num="67" count="1" type="stmt"/>
        <line num="69" count="0" type="stmt"/>
        <line num="73" count="50" type="stmt"/>
        <line num="90" count="9" type="stmt"/>
        <line num="94" count="14" type="stmt"/>
        <line num="98" count="2" type="stmt"/>
        <line num="108" count="10" type="stmt"/>
        <line num="112" count="2" type="stmt"/>
        <line num="129" count="3" type="stmt"/>
        <line num="139" count="1" type="stmt"/>
      </file>
      <file name="DashboardPage.jsx" path="/home/vasu/Projects/Car-Dealership-Inventory-System/frontend/src/pages/DashboardPage.jsx">
        <metrics statements="41" coveredstatements="40" conditionals="10" coveredconditionals="8" methods="13" coveredmethods="13"/>
        <line num="5" count="10" type="stmt"/>
        <line num="9" count="32" type="stmt"/>
        <line num="10" count="32" type="stmt"/>
        <line num="11" count="32" type="stmt"/>
        <line num="14" count="32" type="stmt"/>
        <line num="15" count="32" type="stmt"/>
        <line num="17" count="32" type="stmt"/>
        <line num="18" count="8" type="stmt"/>
        <line num="19" count="8" type="stmt"/>
        <line num="20" count="8" type="stmt"/>
        <line num="21" count="8" type="stmt"/>
        <line num="22" count="6" type="stmt"/>
        <line num="24" count="1" type="stmt"/>
        <line num="26" count="7" type="stmt"/>
        <line num="30" count="32" type="stmt"/>
        <line num="31" count="7" type="stmt"/>
        <line num="34" count="32" type="stmt"/>
        <line num="35" count="2" type="stmt"/>
        <line num="36" count="2" type="stmt"/>
        <line num="37" count="2" type="stmt"/>
        <line num="38" count="2" type="stmt"/>
        <line num="39" count="2" type="stmt"/>
        <line num="40" count="2" type="stmt"/>
        <line num="42" count="0" type="stmt"/>
        <line num="44" count="2" type="stmt"/>
        <line num="48" count="32" type="stmt"/>
        <line num="49" count="1" type="stmt"/>
        <line num="50" count="1" type="stmt"/>
        <line num="51" count="1" type="stmt"/>
        <line num="55" count="32" type="stmt"/>
        <line num="56" count="2" type="stmt"/>
        <line num="57" count="2" type="stmt"/>
        <line num="58" count="2" type="stmt"/>
        <line num="61" count="1" type="stmt"/>
        <line num="62" count="1" type="cond" truecount="1" falsecount="1"/>
        <line num="65" count="1" type="stmt"/>
        <line num="69" count="32" type="stmt"/>
        <line num="82" count="8" type="stmt"/>
        <line num="92" count="1" type="stmt"/>
        <line num="141" count="8" type="stmt"/>
        <line num="154" count="2" type="stmt"/>
      </file>
      <file name="LoginPage.jsx" path="/home/vasu/Projects/Car-Dealership-Inventory-System/frontend/src/pages/LoginPage.jsx">
        <metrics statements="19" coveredstatements="19" conditionals="4" coveredconditionals="4" methods="6" coveredmethods="6"/>
        <line num="6" count="88" type="stmt"/>
        <line num="14" count="3" type="stmt"/>
        <line num="18" count="88" type="stmt"/>
        <line num="19" count="88" type="stmt"/>
        <line num="20" count="88" type="stmt"/>
        <line num="21" count="88" type="stmt"/>
        <line num="22" count="88" type="stmt"/>
        <line num="25" count="3" type="stmt"/>
        <line num="26" count="3" type="stmt"/>
        <line num="27" count="3" type="stmt"/>
        <line num="28" count="3" type="stmt"/>
        <line num="29" count="3" type="stmt"/>
        <line num="30" count="1" type="stmt"/>
        <line num="31" count="1" type="stmt"/>
        <line num="33" count="1" type="stmt"/>
        <line num="35" count="2" type="stmt"/>
        <line num="39" count="88" type="stmt"/>
        <line num="60" count="47" type="stmt"/>
        <line num="77" count="31" type="stmt"/>
      </file>
      <file name="RegisterPage.jsx" path="/home/vasu/Projects/Car-Dealership-Inventory-System/frontend/src/pages/RegisterPage.jsx">
        <metrics statements="23" coveredstatements="22" conditionals="10" coveredconditionals="9" methods="7" coveredmethods="7"/>
        <line num="6" count="93" type="stmt"/>
        <line num="14" count="3" type="stmt"/>
        <line num="18" count="93" type="stmt"/>
        <line num="19" count="93" type="stmt"/>
        <line num="20" count="93" type="stmt"/>
        <line num="21" count="93" type="stmt"/>
        <line num="22" count="93" type="stmt"/>
        <line num="23" count="93" type="stmt"/>
        <line num="26" count="3" type="stmt"/>
        <line num="27" count="3" type="stmt"/>
        <line num="28" count="3" type="stmt"/>
        <line num="29" count="3" type="stmt"/>
        <line num="30" count="3" type="stmt"/>
        <line num="31" count="3" type="stmt"/>
        <line num="32" count="1" type="stmt"/>
        <line num="33" count="1" type="stmt"/>
        <line num="35" count="1" type="cond" truecount="1" falsecount="1"/>
        <line num="36" count="1" type="stmt"/>
        <line num="38" count="0" type="stmt"/>
        <line num="41" count="2" type="stmt"/>
        <line num="45" count="93" type="stmt"/>
        <line num="66" count="50" type="stmt"/>
        <line num="83" count="33" type="stmt"/>
      </file>
    </package>
    <package name="services">
      <metrics statements="20" coveredstatements="20" conditionals="3" coveredconditionals="3" methods="10" coveredmethods="10"/>
      <file name="authService.js" path="/home/vasu/Projects/Car-Dealership-Inventory-System/frontend/src/services/authService.js">
        <metrics statements="4" coveredstatements="4" conditionals="0" coveredconditionals="0" methods="2" coveredmethods="2"/>
        <line num="4" count="2" type="stmt"/>
        <line num="5" count="1" type="stmt"/>
        <line num="9" count="2" type="stmt"/>
        <line num="10" count="1" type="stmt"/>
      </file>
      <file name="vehicleService.js" path="/home/vasu/Projects/Car-Dealership-Inventory-System/frontend/src/services/vehicleService.js">
        <metrics statements="16" coveredstatements="16" conditionals="3" coveredconditionals="3" methods="8" coveredmethods="8"/>
        <line num="4" count="7" type="stmt"/>
        <line num="5" count="7" type="stmt"/>
        <line num="11" count="1" type="stmt"/>
        <line num="12" count="1" type="stmt"/>
        <line num="17" count="2" type="stmt"/>
        <line num="18" count="5" type="cond" truecount="3" falsecount="0"/>
        <line num="21" count="2" type="stmt"/>
        <line num="25" count="2" type="stmt"/>
        <line num="36" count="1" type="stmt"/>
        <line num="37" count="1" type="stmt"/>
        <line num="44" count="1" type="stmt"/>
        <line num="45" count="1" type="stmt"/>
        <line num="52" count="1" type="stmt"/>
        <line num="53" count="1" type="stmt"/>
        <line num="60" count="1" type="stmt"/>
        <line num="61" count="1" type="stmt"/>
      </file>
    </package>
  </project>
</coverage>
