{"/home/vasu/Projects/Car-Dealership-Inventory-System/frontend/src/components/PrivateRoute.jsx": {"path":"/home/vasu/Projects/Car-Dealership-Inventory-System/frontend/src/components/PrivateRoute.jsx","statementMap":{"0":{"start":{"line":4,"column":16},"end":{"line":4,"column":null}},"1":{"start":{"line":5,"column":2},"end":{"line":5,"column":null}}},"fnMap":{"0":{"name":"PrivateRoute","decl":{"start":{"line":3,"column":24},"end":{"line":3,"column":37}},"loc":{"start":{"line":3,"column":51},"end":{"line":6,"column":null}},"line":3}},"branchMap":{"0":{"loc":{"start":{"line":5,"column":9},"end":{"line":5,"column":null}},"type":"cond-expr","locations":[{"start":{"line":5,"column":17},"end":{"line":5,"column":28}},{"start":{"line":5,"column":28},"end":{"line":5,"column":null}}],"line":5}},"s":{"0":2,"1":2},"f":{"0":2},"b":{"0":[1,1]},"meta":{"lastBranch":1,"lastFunction":1,"lastStatement":2,"seen":{"f:3:24:3:37":0,"s:4:16:4:Infinity":0,"s:5:2:5:Infinity":1,"b:5:17:5:28:5:28:5:Infinity":0},"fnNames":{}}}
,"/home/vasu/Projects/Car-Dealership-Inventory-System/frontend/src/pages/AdminPage.jsx": {"path":"/home/vasu/Projects/Car-Dealership-Inventory-System/frontend/src/pages/AdminPage.jsx","statementMap":{"0":{"start":{"line":5,"column":34},"end":{"line":5,"column":null}},"1":{"start":{"line":6,"column":32},"end":{"line":6,"column":null}},"2":{"start":{"line":7,"column":28},"end":{"line":7,"column":null}},"3":{"start":{"line":10,"column":26},"end":{"line":10,"column":null}},"4":{"start":{"line":11,"column":28},"end":{"line":11,"column":null}},"5":{"start":{"line":12,"column":34},"end":{"line":12,"column":null}},"6":{"start":{"line":13,"column":28},"end":{"line":13,"column":null}},"7":{"start":{"line":14,"column":34},"end":{"line":14,"column":null}},"8":{"start":{"line":17,"column":2},"end":{"line":19,"column":null}},"9":{"start":{"line":18,"column":4},"end":{"line":18,"column":null}},"10":{"start":{"line":21,"column":24},"end":{"line":31,"column":null}},"11":{"start":{"line":22,"column":4},"end":{"line":22,"column":null}},"12":{"start":{"line":23,"column":4},"end":{"line":30,"column":null}},"13":{"start":{"line":24,"column":19},"end":{"line":24,"column":37}},"14":{"start":{"line":25,"column":6},"end":{"line":25,"column":null}},"15":{"start":{"line":27,"column":6},"end":{"line":27,"column":null}},"16":{"start":{"line":29,"column":6},"end":{"line":29,"column":null}},"17":{"start":{"line":34,"column":27},"end":{"line":60,"column":null}},"18":{"start":{"line":35,"column":4},"end":{"line":35,"column":null}},"19":{"start":{"line":36,"column":4},"end":{"line":36,"column":null}},"20":{"start":{"line":38,"column":23},"end":{"line":44,"column":null}},"21":{"start":{"line":46,"column":4},"end":{"line":59,"column":null}},"22":{"start":{"line":47,"column":27},"end":{"line":47,"column":null}},"23":{"start":{"line":49,"column":6},"end":{"line":49,"column":null}},"24":{"start":{"line":52,"column":6},"end":{"line":52,"column":null}},"25":{"start":{"line":53,"column":6},"end":{"line":53,"column":null}},"26":{"start":{"line":54,"column":6},"end":{"line":54,"column":null}},"27":{"start":{"line":55,"column":6},"end":{"line":55,"column":null}},"28":{"start":{"line":56,"column":6},"end":{"line":56,"column":null}},"29":{"start":{"line":58,"column":6},"end":{"line":58,"column":null}},"30":{"start":{"line":63,"column":23},"end":{"line":71,"column":null}},"31":{"start":{"line":64,"column":4},"end":{"line":70,"column":null}},"32":{"start":{"line":65,"column":6},"end":{"line":65,"column":null}},"33":{"start":{"line":67,"column":6},"end":{"line":67,"column":null}},"34":{"start":{"line":67,"column":41},"end":{"line":67,"column":52}},"35":{"start":{"line":69,"column":6},"end":{"line":69,"column":null}},"36":{"start":{"line":73,"column":2},"end":{"line":149,"column":null}},"37":{"start":{"line":90,"column":66},"end":{"line":90,"column":91}},"38":{"start":{"line":94,"column":68},"end":{"line":94,"column":94}},"39":{"start":{"line":98,"column":75},"end":{"line":98,"column":104}},"40":{"start":{"line":108,"column":90},"end":{"line":108,"column":116}},"41":{"start":{"line":112,"column":96},"end":{"line":112,"column":125}},"42":{"start":{"line":129,"column":12},"end":{"line":145,"column":null}},"43":{"start":{"line":139,"column":31},"end":{"line":139,"column":null}}},"fnMap":{"0":{"name":"AdminPage","decl":{"start":{"line":4,"column":24},"end":{"line":4,"column":36}},"loc":{"start":{"line":4,"column":36},"end":{"line":151,"column":null}},"line":4},"1":{"name":"(anonymous_1)","decl":{"start":{"line":17,"column":2},"end":{"line":17,"column":18}},"loc":{"start":{"line":17,"column":18},"end":{"line":19,"column":5}},"line":17},"2":{"name":"(anonymous_2)","decl":{"start":{"line":21,"column":24},"end":{"line":21,"column":36}},"loc":{"start":{"line":21,"column":36},"end":{"line":31,"column":null}},"line":21},"3":{"name":"(anonymous_3)","decl":{"start":{"line":34,"column":27},"end":{"line":34,"column":34}},"loc":{"start":{"line":34,"column":40},"end":{"line":60,"column":null}},"line":34},"4":{"name":"(anonymous_4)","decl":{"start":{"line":63,"column":23},"end":{"line":63,"column":30}},"loc":{"start":{"line":63,"column":37},"end":{"line":71,"column":null}},"line":63},"5":{"name":"(anonymous_5)","decl":{"start":{"line":67,"column":27},"end":{"line":67,"column":35}},"loc":{"start":{"line":67,"column":41},"end":{"line":67,"column":52}},"line":67},"6":{"name":"(anonymous_6)","decl":{"start":{"line":90,"column":51},"end":{"line":90,"column":61}},"loc":{"start":{"line":90,"column":66},"end":{"line":90,"column":91}},"line":90},"7":{"name":"(anonymous_7)","decl":{"start":{"line":94,"column":53},"end":{"line":94,"column":63}},"loc":{"start":{"line":94,"column":68},"end":{"line":94,"column":94}},"line":94},"8":{"name":"(anonymous_8)","decl":{"start":{"line":98,"column":60},"end":{"line":98,"column":70}},"loc":{"start":{"line":98,"column":75},"end":{"line":98,"column":104}},"line":98},"9":{"name":"(anonymous_9)","decl":{"start":{"line":108,"column":75},"end":{"line":108,"column":85}},"loc":{"start":{"line":108,"column":90},"end":{"line":108,"column":116}},"line":108},"10":{"name":"(anonymous_10)","decl":{"start":{"line":112,"column":81},"end":{"line":112,"column":91}},"loc":{"start":{"line":112,"column":96},"end":{"line":112,"column":125}},"line":112},"11":{"name":"(anonymous_11)","decl":{"start":{"line":128,"column":20},"end":{"line":128,"column":25}},"loc":{"start":{"line":129,"column":12},"end":{"line":145,"column":null}},"line":129},"12":{"name":"(anonymous_12)","decl":{"start":{"line":139,"column":16},"end":{"line":139,"column":31}},"loc":{"start":{"line":139,"column":31},"end":{"line":139,"column":null}},"line":139}},"branchMap":{"0":{"loc":{"start":{"line":77,"column":7},"end":{"line":81,"column":null}},"type":"binary-expr","locations":[{"start":{"line":77,"column":7},"end":{"line":77,"column":null}},{"start":{"line":78,"column":8},"end":{"line":81,"column":null}}],"line":77},"1":{"loc":{"start":{"line":122,"column":7},"end":{"line":147,"column":null}},"type":"cond-expr","locations":[{"start":{"line":123,"column":8},"end":{"line":124,"column":19}},{"start":{"line":124,"column":10},"end":{"line":147,"column":null}}],"line":122},"2":{"loc":{"start":{"line":124,"column":10},"end":{"line":147,"column":null}},"type":"cond-expr","locations":[{"start":{"line":125,"column":8},"end":{"line":127,"column":9}},{"start":{"line":127,"column":8},"end":{"line":147,"column":null}}],"line":124}},"s":{"0":50,"1":50,"2":50,"3":50,"4":50,"5":50,"6":50,"7":50,"8":50,"9":4,"10":50,"11":4,"12":4,"13":4,"14":4,"15":0,"16":4,"17":50,"18":2,"19":2,"20":2,"21":2,"22":2,"23":1,"24":1,"25":1,"26":1,"27":1,"28":1,"29":1,"30":50,"31":1,"32":1,"33":1,"34":1,"35":0,"36":50,"37":9,"38":14,"39":2,"40":10,"41":2,"42":3,"43":1},"f":{"0":50,"1":4,"2":4,"3":2,"4":1,"5":1,"6":9,"7":14,"8":2,"9":10,"10":2,"11":3,"12":1},"b":{"0":[50,1],"1":[4,46],"2":[43,3]},"meta":{"lastBranch":3,"lastFunction":13,"lastStatement":44,"seen":{"f:4:24:4:36":0,"s:5:34:5:Infinity":0,"s:6:32:6:Infinity":1,"s:7:28:7:Infinity":2,"s:10:26:10:Infinity":3,"s:11:28:11:Infinity":4,"s:12:34:12:Infinity":5,"s:13:28:13:Infinity":6,"s:14:34:14:Infinity":7,"s:17:2:19:Infinity":8,"f:17:2:17:18":1,"s:18:4:18:Infinity":9,"s:21:24:31:Infinity":10,"f:21:24:21:36":2,"s:22:4:22:Infinity":11,"s:23:4:30:Infinity":12,"s:24:19:24:37":13,"s:25:6:25:Infinity":14,"s:27:6:27:Infinity":15,"s:29:6:29:Infinity":16,"s:34:27:60:Infinity":17,"f:34:27:34:34":3,"s:35:4:35:Infinity":18,"s:36:4:36:Infinity":19,"s:38:23:44:Infinity":20,"s:46:4:59:Infinity":21,"s:47:27:47:Infinity":22,"s:49:6:49:Infinity":23,"s:52:6:52:Infinity":24,"s:53:6:53:Infinity":25,"s:54:6:54:Infinity":26,"s:55:6:55:Infinity":27,"s:56:6:56:Infinity":28,"s:58:6:58:Infinity":29,"s:63:23:71:Infinity":30,"f:63:23:63:30":4,"s:64:4:70:Infinity":31,"s:65:6:65:Infinity":32,"s:67:6:67:Infinity":33,"f:67:27:67:35":5,"s:67:41:67:52":34,"s:69:6:69:Infinity":35,"s:73:2:149:Infinity":36,"b:77:7:77:Infinity:78:8:81:Infinity":0,"f:90:51:90:61":6,"s:90:66:90:91":37,"f:94:53:94:63":7,"s:94:68:94:94":38,"f:98:60:98:70":8,"s:98:75:98:104":39,"f:108:75:108:85":9,"s:108:90:108:116":40,"f:112:81:112:91":10,"s:112:96:112:125":41,"b:123:8:124:19:124:10:147:Infinity":1,"b:125:8:127:9:127:8:147:Infinity":2,"f:128:20:128:25":11,"s:129:12:145:Infinity":42,"f:139:16:139:31":12,"s:139:31:139:Infinity":43},"fnNames":{}}}
,"/home/vasu/Projects/Car-Dealership-Inventory-System/frontend/src/pages/DashboardPage.jsx": {"path":"/home/vasu/Projects/Car-Dealership-Inventory-System/frontend/src/pages/DashboardPage.jsx","statementMap":{"0":{"start":{"line":5,"column":2},"end":{"line":5,"column":null}},"1":{"start":{"line":9,"column":34},"end":{"line":9,"column":null}},"2":{"start":{"line":10,"column":32},"end":{"line":10,"column":null}},"3":{"start":{"line":11,"column":28},"end":{"line":11,"column":null}},"4":{"start":{"line":14,"column":26},"end":{"line":14,"column":null}},"5":{"start":{"line":15,"column":34},"end":{"line":15,"column":null}},"6":{"start":{"line":17,"column":27},"end":{"line":28,"column":null}},"7":{"start":{"line":18,"column":4},"end":{"line":18,"column":null}},"8":{"start":{"line":19,"column":4},"end":{"line":19,"column":null}},"9":{"start":{"line":20,"column":4},"end":{"line":27,"column":null}},"10":{"start":{"line":21,"column":19},"end":{"line":21,"column":37}},"11":{"start":{"line":22,"column":6},"end":{"line":22,"column":null}},"12":{"start":{"line":24,"column":6},"end":{"line":24,"column":null}},"13":{"start":{"line":26,"column":6},"end":{"line":26,"column":null}},"14":{"start":{"line":30,"column":2},"end":{"line":32,"column":null}},"15":{"start":{"line":31,"column":4},"end":{"line":31,"column":null}},"16":{"start":{"line":34,"column":23},"end":{"line":46,"column":null}},"17":{"start":{"line":35,"column":4},"end":{"line":35,"column":null}},"18":{"start":{"line":36,"column":4},"end":{"line":36,"column":null}},"19":{"start":{"line":37,"column":4},"end":{"line":37,"column":null}},"20":{"start":{"line":38,"column":4},"end":{"line":45,"column":null}},"21":{"start":{"line":39,"column":19},"end":{"line":39,"column":null}},"22":{"start":{"line":40,"column":6},"end":{"line":40,"column":null}},"23":{"start":{"line":42,"column":6},"end":{"line":42,"column":null}},"24":{"start":{"line":44,"column":6},"end":{"line":44,"column":null}},"25":{"start":{"line":48,"column":8},"end":{"line":52,"column":null}},"26":{"start":{"line":49,"column":4},"end":{"line":49,"column":null}},"27":{"start":{"line":50,"column":4},"end":{"line":50,"column":null}},"28":{"start":{"line":51,"column":4},"end":{"line":51,"column":null}},"29":{"start":{"line":55,"column":25},"end":{"line":67,"column":null}},"30":{"start":{"line":56,"column":4},"end":{"line":56,"column":null}},"31":{"start":{"line":57,"column":4},"end":{"line":66,"column":null}},"32":{"start":{"line":58,"column":29},"end":{"line":58,"column":null}},"33":{"start":{"line":61,"column":6},"end":{"line":63,"column":null}},"34":{"start":{"line":62,"column":8},"end":{"line":62,"column":null}},"35":{"start":{"line":62,"column":25},"end":{"line":62,"column":58}},"36":{"start":{"line":65,"column":6},"end":{"line":65,"column":null}},"37":{"start":{"line":69,"column":2},"end":{"line":166,"column":null}},"38":{"start":{"line":82,"column":31},"end":{"line":82,"column":null}},"39":{"start":{"line":92,"column":31},"end":{"line":92,"column":null}},"40":{"start":{"line":141,"column":14},"end":{"line":161,"column":null}},"41":{"start":{"line":154,"column":33},"end":{"line":154,"column":null}}},"fnMap":{"0":{"name":"Spinner","decl":{"start":{"line":4,"column":9},"end":{"line":4,"column":19}},"loc":{"start":{"line":4,"column":19},"end":{"line":6,"column":null}},"line":4},"1":{"name":"DashboardPage","decl":{"start":{"line":8,"column":24},"end":{"line":8,"column":40}},"loc":{"start":{"line":8,"column":40},"end":{"line":168,"column":null}},"line":8},"2":{"name":"(anonymous_2)","decl":{"start":{"line":17,"column":27},"end":{"line":17,"column":39}},"loc":{"start":{"line":17,"column":39},"end":{"line":28,"column":null}},"line":17},"3":{"name":"(anonymous_3)","decl":{"start":{"line":30,"column":2},"end":{"line":30,"column":18}},"loc":{"start":{"line":30,"column":18},"end":{"line":32,"column":5}},"line":30},"4":{"name":"(anonymous_4)","decl":{"start":{"line":34,"column":23},"end":{"line":34,"column":30}},"loc":{"start":{"line":34,"column":36},"end":{"line":46,"column":null}},"line":34},"5":{"name":"(anonymous_5)","decl":{"start":{"line":48,"column":8},"end":{"line":48,"column":28}},"loc":{"start":{"line":48,"column":28},"end":{"line":52,"column":null}},"line":48},"6":{"name":"(anonymous_6)","decl":{"start":{"line":55,"column":25},"end":{"line":55,"column":32}},"loc":{"start":{"line":55,"column":39},"end":{"line":67,"column":null}},"line":55},"7":{"name":"(anonymous_7)","decl":{"start":{"line":61,"column":6},"end":{"line":61,"column":19}},"loc":{"start":{"line":62,"column":8},"end":{"line":62,"column":null}},"line":62},"8":{"name":"(anonymous_8)","decl":{"start":{"line":62,"column":13},"end":{"line":62,"column":18}},"loc":{"start":{"line":62,"column":25},"end":{"line":62,"column":58}},"line":62},"9":{"name":"(anonymous_9)","decl":{"start":{"line":82,"column":14},"end":{"line":82,"column":25}},"loc":{"start":{"line":82,"column":31},"end":{"line":82,"column":null}},"line":82},"10":{"name":"(anonymous_10)","decl":{"start":{"line":92,"column":14},"end":{"line":92,"column":25}},"loc":{"start":{"line":92,"column":31},"end":{"line":92,"column":null}},"line":92},"11":{"name":"(anonymous_11)","decl":{"start":{"line":140,"column":21},"end":{"line":140,"column":26}},"loc":{"start":{"line":141,"column":14},"end":{"line":161,"column":null}},"line":141},"12":{"name":"(anonymous_12)","decl":{"start":{"line":154,"column":18},"end":{"line":154,"column":33}},"loc":{"start":{"line":154,"column":33},"end":{"line":154,"column":null}},"line":154}},"branchMap":{"0":{"loc":{"start":{"line":62,"column":25},"end":{"line":62,"column":58}},"type":"cond-expr","locations":[{"start":{"line":62,"column":39},"end":{"line":62,"column":56}},{"start":{"line":62,"column":56},"end":{"line":62,"column":58}}],"line":62},"1":{"loc":{"start":{"line":126,"column":7},"end":{"line":166,"column":null}},"type":"cond-expr","locations":[{"start":{"line":127,"column":8},"end":{"line":130,"column":null}},{"start":{"line":130,"column":10},"end":{"line":166,"column":null}}],"line":126},"2":{"loc":{"start":{"line":130,"column":10},"end":{"line":166,"column":null}},"type":"cond-expr","locations":[{"start":{"line":131,"column":8},"end":{"line":136,"column":9}},{"start":{"line":136,"column":8},"end":{"line":166,"column":null}}],"line":130},"3":{"loc":{"start":{"line":137,"column":11},"end":{"line":162,"column":null}},"type":"cond-expr","locations":[{"start":{"line":138,"column":12},"end":{"line":140,"column":21}},{"start":{"line":140,"column":12},"end":{"line":162,"column":null}}],"line":137},"4":{"loc":{"start":{"line":159,"column":19},"end":{"line":159,"column":null}},"type":"cond-expr","locations":[{"start":{"line":159,"column":36},"end":{"line":159,"column":44}},{"start":{"line":159,"column":44},"end":{"line":159,"column":null}}],"line":159}},"s":{"0":10,"1":32,"2":32,"3":32,"4":32,"5":32,"6":32,"7":8,"8":8,"9":8,"10":8,"11":6,"12":1,"13":7,"14":32,"15":7,"16":32,"17":2,"18":2,"19":2,"20":2,"21":2,"22":2,"23":0,"24":2,"25":32,"26":1,"27":1,"28":1,"29":32,"30":2,"31":2,"32":2,"33":1,"34":1,"35":1,"36":1,"37":32,"38":8,"39":1,"40":8,"41":2},"f":{"0":10,"1":32,"2":8,"3":7,"4":2,"5":1,"6":2,"7":1,"8":1,"9":8,"10":1,"11":8,"12":2},"b":{"0":[1,0],"1":[10,22],"2":[2,20],"3":[13,7],"4":[8,0]},"meta":{"lastBranch":5,"lastFunction":13,"lastStatement":42,"seen":{"f:4:9:4:19":0,"s:5:2:5:Infinity":0,"f:8:24:8:40":1,"s:9:34:9:Infinity":1,"s:10:32:10:Infinity":2,"s:11:28:11:Infinity":3,"s:14:26:14:Infinity":4,"s:15:34:15:Infinity":5,"s:17:27:28:Infinity":6,"f:17:27:17:39":2,"s:18:4:18:Infinity":7,"s:19:4:19:Infinity":8,"s:20:4:27:Infinity":9,"s:21:19:21:37":10,"s:22:6:22:Infinity":11,"s:24:6:24:Infinity":12,"s:26:6:26:Infinity":13,"s:30:2:32:Infinity":14,"f:30:2:30:18":3,"s:31:4:31:Infinity":15,"s:34:23:46:Infinity":16,"f:34:23:34:30":4,"s:35:4:35:Infinity":17,"s:36:4:36:Infinity":18,"s:37:4:37:Infinity":19,"s:38:4:45:Infinity":20,"s:39:19:39:Infinity":21,"s:40:6:40:Infinity":22,"s:42:6:42:Infinity":23,"s:44:6:44:Infinity":24,"s:48:8:52:Infinity":25,"f:48:8:48:28":5,"s:49:4:49:Infinity":26,"s:50:4:50:Infinity":27,"s:51:4:51:Infinity":28,"s:55:25:67:Infinity":29,"f:55:25:55:32":6,"s:56:4:56:Infinity":30,"s:57:4:66:Infinity":31,"s:58:29:58:Infinity":32,"s:61:6:63:Infinity":33,"f:61:6:61:19":7,"s:62:8:62:Infinity":34,"f:62:13:62:18":8,"s:62:25:62:58":35,"b:62:39:62:56:62:56:62:58":0,"s:65:6:65:Infinity":36,"s:69:2:166:Infinity":37,"f:82:14:82:25":9,"s:82:31:82:Infinity":38,"f:92:14:92:25":10,"s:92:31:92:Infinity":39,"b:127:8:130:Infinity:130:10:166:Infinity":1,"b:131:8:136:9:136:8:166:Infinity":2,"b:138:12:140:21:140:12:162:Infinity":3,"f:140:21:140:26":11,"s:141:14:161:Infinity":40,"f:154:18:154:33":12,"s:154:33:154:Infinity":41,"b:159:36:159:44:159:44:159:Infinity":4},"fnNames":{}}}
,"/home/vasu/Projects/Car-Dealership-Inventory-System/frontend/src/pages/LoginPage.jsx": {"path":"/home/vasu/Projects/Car-Dealership-Inventory-System/frontend/src/pages/LoginPage.jsx","statementMap":{"0":{"start":{"line":6,"column":2},"end":{"line":9,"column":null}},"1":{"start":{"line":14,"column":2},"end":{"line":14,"column":null}},"2":{"start":{"line":18,"column":28},"end":{"line":18,"column":null}},"3":{"start":{"line":19,"column":34},"end":{"line":19,"column":null}},"4":{"start":{"line":20,"column":28},"end":{"line":20,"column":null}},"5":{"start":{"line":21,"column":32},"end":{"line":21,"column":null}},"6":{"start":{"line":22,"column":19},"end":{"line":22,"column":31}},"7":{"start":{"line":25,"column":4},"end":{"line":25,"column":null}},"8":{"start":{"line":26,"column":4},"end":{"line":26,"column":null}},"9":{"start":{"line":27,"column":4},"end":{"line":27,"column":null}},"10":{"start":{"line":28,"column":4},"end":{"line":36,"column":null}},"11":{"start":{"line":29,"column":19},"end":{"line":29,"column":null}},"12":{"start":{"line":30,"column":6},"end":{"line":30,"column":null}},"13":{"start":{"line":31,"column":6},"end":{"line":31,"column":null}},"14":{"start":{"line":33,"column":6},"end":{"line":33,"column":null}},"15":{"start":{"line":35,"column":6},"end":{"line":35,"column":null}},"16":{"start":{"line":39,"column":2},"end":{"line":105,"column":null}},"17":{"start":{"line":60,"column":33},"end":{"line":60,"column":null}},"18":{"start":{"line":77,"column":33},"end":{"line":77,"column":null}}},"fnMap":{"0":{"name":"CarIcon","decl":{"start":{"line":5,"column":9},"end":{"line":5,"column":19}},"loc":{"start":{"line":5,"column":19},"end":{"line":11,"column":null}},"line":5},"1":{"name":"Spinner","decl":{"start":{"line":13,"column":9},"end":{"line":13,"column":19}},"loc":{"start":{"line":13,"column":19},"end":{"line":15,"column":null}},"line":13},"2":{"name":"LoginPage","decl":{"start":{"line":17,"column":24},"end":{"line":17,"column":36}},"loc":{"start":{"line":17,"column":36},"end":{"line":107,"column":null}},"line":17},"3":{"name":"handleSubmit","decl":{"start":{"line":24,"column":17},"end":{"line":24,"column":30}},"loc":{"start":{"line":24,"column":33},"end":{"line":37,"column":null}},"line":24},"4":{"name":"(anonymous_4)","decl":{"start":{"line":60,"column":16},"end":{"line":60,"column":27}},"loc":{"start":{"line":60,"column":33},"end":{"line":60,"column":null}},"line":60},"5":{"name":"(anonymous_5)","decl":{"start":{"line":77,"column":16},"end":{"line":77,"column":27}},"loc":{"start":{"line":77,"column":33},"end":{"line":77,"column":null}},"line":77}},"branchMap":{"0":{"loc":{"start":{"line":84,"column":11},"end":{"line":88,"column":null}},"type":"binary-expr","locations":[{"start":{"line":84,"column":11},"end":{"line":84,"column":null}},{"start":{"line":85,"column":12},"end":{"line":88,"column":null}}],"line":84},"1":{"loc":{"start":{"line":92,"column":13},"end":{"line":92,"column":null}},"type":"cond-expr","locations":[{"start":{"line":92,"column":23},"end":{"line":92,"column":null}},{"start":{"line":92,"column":54},"end":{"line":92,"column":null}}],"line":92}},"s":{"0":88,"1":3,"2":88,"3":88,"4":88,"5":88,"6":88,"7":3,"8":3,"9":3,"10":3,"11":3,"12":1,"13":1,"14":1,"15":2,"16":88,"17":47,"18":31},"f":{"0":88,"1":3,"2":88,"3":3,"4":47,"5":31},"b":{"0":[88,1],"1":[3,85]},"meta":{"lastBranch":2,"lastFunction":6,"lastStatement":19,"seen":{"f:5:9:5:19":0,"s:6:2:9:Infinity":0,"f:13:9:13:19":1,"s:14:2:14:Infinity":1,"f:17:24:17:36":2,"s:18:28:18:Infinity":2,"s:19:34:19:Infinity":3,"s:20:28:20:Infinity":4,"s:21:32:21:Infinity":5,"s:22:19:22:31":6,"f:24:17:24:30":3,"s:25:4:25:Infinity":7,"s:26:4:26:Infinity":8,"s:27:4:27:Infinity":9,"s:28:4:36:Infinity":10,"s:29:19:29:Infinity":11,"s:30:6:30:Infinity":12,"s:31:6:31:Infinity":13,"s:33:6:33:Infinity":14,"s:35:6:35:Infinity":15,"s:39:2:105:Infinity":16,"f:60:16:60:27":4,"s:60:33:60:Infinity":17,"f:77:16:77:27":5,"s:77:33:77:Infinity":18,"b:84:11:84:Infinity:85:12:88:Infinity":0,"b:92:23:92:Infinity:92:54:92:Infinity":1},"fnNames":{}}}
,"/home/vasu/Projects/Car-Dealership-Inventory-System/frontend/src/pages/RegisterPage.jsx": {"path":"/home/vasu/Projects/Car-Dealership-Inventory-System/frontend/src/pages/RegisterPage.jsx","statementMap":{"0":{"start":{"line":6,"column":2},"end":{"line":9,"column":null}},"1":{"start":{"line":14,"column":2},"end":{"line":14,"column":null}},"2":{"start":{"line":18,"column":28},"end":{"line":18,"column":null}},"3":{"start":{"line":19,"column":34},"end":{"line":19,"column":null}},"4":{"start":{"line":20,"column":28},"end":{"line":20,"column":null}},"5":{"start":{"line":21,"column":32},"end":{"line":21,"column":null}},"6":{"start":{"line":22,"column":32},"end":{"line":22,"column":null}},"7":{"start":{"line":23,"column":19},"end":{"line":23,"column":31}},"8":{"start":{"line":26,"column":4},"end":{"line":26,"column":null}},"9":{"start":{"line":27,"column":4},"end":{"line":27,"column":null}},"10":{"start":{"line":28,"column":4},"end":{"line":28,"column":null}},"11":{"start":{"line":29,"column":4},"end":{"line":29,"column":null}},"12":{"start":{"line":30,"column":4},"end":{"line":42,"column":null}},"13":{"start":{"line":31,"column":6},"end":{"line":31,"column":null}},"14":{"start":{"line":32,"column":6},"end":{"line":32,"column":null}},"15":{"start":{"line":33,"column":6},"end":{"line":33,"column":null}},"16":{"start":{"line":33,"column":23},"end":{"line":33,"column":43}},"17":{"start":{"line":35,"column":6},"end":{"line":39,"column":null}},"18":{"start":{"line":36,"column":8},"end":{"line":36,"column":null}},"19":{"start":{"line":38,"column":8},"end":{"line":38,"column":null}},"20":{"start":{"line":41,"column":6},"end":{"line":41,"column":null}},"21":{"start":{"line":45,"column":2},"end":{"line":118,"column":null}},"22":{"start":{"line":66,"column":33},"end":{"line":66,"column":null}},"23":{"start":{"line":83,"column":33},"end":{"line":83,"column":null}}},"fnMap":{"0":{"name":"CarIcon","decl":{"start":{"line":5,"column":9},"end":{"line":5,"column":19}},"loc":{"start":{"line":5,"column":19},"end":{"line":11,"column":null}},"line":5},"1":{"name":"Spinner","decl":{"start":{"line":13,"column":9},"end":{"line":13,"column":19}},"loc":{"start":{"line":13,"column":19},"end":{"line":15,"column":null}},"line":13},"2":{"name":"RegisterPage","decl":{"start":{"line":17,"column":24},"end":{"line":17,"column":39}},"loc":{"start":{"line":17,"column":39},"end":{"line":120,"column":null}},"line":17},"3":{"name":"handleSubmit","decl":{"start":{"line":25,"column":17},"end":{"line":25,"column":30}},"loc":{"start":{"line":25,"column":33},"end":{"line":43,"column":null}},"line":25},"4":{"name":"(anonymous_4)","decl":{"start":{"line":33,"column":6},"end":{"line":33,"column":23}},"loc":{"start":{"line":33,"column":23},"end":{"line":33,"column":43}},"line":33},"5":{"name":"(anonymous_5)","decl":{"start":{"line":66,"column":16},"end":{"line":66,"column":27}},"loc":{"start":{"line":66,"column":33},"end":{"line":66,"column":null}},"line":66},"6":{"name":"(anonymous_6)","decl":{"start":{"line":83,"column":16},"end":{"line":83,"column":27}},"loc":{"start":{"line":83,"column":33},"end":{"line":83,"column":null}},"line":83}},"branchMap":{"0":{"loc":{"start":{"line":35,"column":6},"end":{"line":39,"column":null}},"type":"if","locations":[{"start":{"line":35,"column":6},"end":{"line":39,"column":null}},{"start":{"line":37,"column":13},"end":{"line":39,"column":null}}],"line":35},"1":{"loc":{"start":{"line":90,"column":11},"end":{"line":94,"column":null}},"type":"binary-expr","locations":[{"start":{"line":90,"column":11},"end":{"line":90,"column":null}},{"start":{"line":91,"column":12},"end":{"line":94,"column":null}}],"line":90},"2":{"loc":{"start":{"line":97,"column":11},"end":{"line":101,"column":null}},"type":"binary-expr","locations":[{"start":{"line":97,"column":11},"end":{"line":97,"column":null}},{"start":{"line":98,"column":12},"end":{"line":101,"column":null}}],"line":97},"3":{"loc":{"start":{"line":104,"column":66},"end":{"line":104,"column":null}},"type":"binary-expr","locations":[{"start":{"line":104,"column":66},"end":{"line":104,"column":77}},{"start":{"line":104,"column":77},"end":{"line":104,"column":null}}],"line":104},"4":{"loc":{"start":{"line":105,"column":13},"end":{"line":105,"column":null}},"type":"cond-expr","locations":[{"start":{"line":105,"column":23},"end":{"line":105,"column":null}},{"start":{"line":105,"column":60},"end":{"line":105,"column":null}}],"line":105}},"s":{"0":93,"1":3,"2":93,"3":93,"4":93,"5":93,"6":93,"7":93,"8":3,"9":3,"10":3,"11":3,"12":3,"13":3,"14":1,"15":1,"16":1,"17":1,"18":1,"19":0,"20":2,"21":93,"22":50,"23":33},"f":{"0":93,"1":3,"2":93,"3":3,"4":1,"5":50,"6":33},"b":{"0":[1,0],"1":[93,1],"2":[93,1],"3":[93,90],"4":[3,90]},"meta":{"lastBranch":5,"lastFunction":7,"lastStatement":24,"seen":{"f:5:9:5:19":0,"s:6:2:9:Infinity":0,"f:13:9:13:19":1,"s:14:2:14:Infinity":1,"f:17:24:17:39":2,"s:18:28:18:Infinity":2,"s:19:34:19:Infinity":3,"s:20:28:20:Infinity":4,"s:21:32:21:Infinity":5,"s:22:32:22:Infinity":6,"s:23:19:23:31":7,"f:25:17:25:30":3,"s:26:4:26:Infinity":8,"s:27:4:27:Infinity":9,"s:28:4:28:Infinity":10,"s:29:4:29:Infinity":11,"s:30:4:42:Infinity":12,"s:31:6:31:Infinity":13,"s:32:6:32:Infinity":14,"s:33:6:33:Infinity":15,"f:33:6:33:23":4,"s:33:23:33:43":16,"b:35:6:39:Infinity:37:13:39:Infinity":0,"s:35:6:39:Infinity":17,"s:36:8:36:Infinity":18,"s:38:8:38:Infinity":19,"s:41:6:41:Infinity":20,"s:45:2:118:Infinity":21,"f:66:16:66:27":5,"s:66:33:66:Infinity":22,"f:83:16:83:27":6,"s:83:33:83:Infinity":23,"b:90:11:90:Infinity:91:12:94:Infinity":1,"b:97:11:97:Infinity:98:12:101:Infinity":2,"b:104:66:104:77:104:77:104:Infinity":3,"b:105:23:105:Infinity:105:60:105:Infinity":4},"fnNames":{}}}
,"/home/vasu/Projects/Car-Dealership-Inventory-System/frontend/src/services/authService.js": {"path":"/home/vasu/Projects/Car-Dealership-Inventory-System/frontend/src/services/authService.js","statementMap":{"0":{"start":{"line":4,"column":19},"end":{"line":4,"column":null}},"1":{"start":{"line":5,"column":2},"end":{"line":5,"column":null}},"2":{"start":{"line":9,"column":19},"end":{"line":9,"column":null}},"3":{"start":{"line":10,"column":2},"end":{"line":10,"column":null}}},"fnMap":{"0":{"name":"login","decl":{"start":{"line":3,"column":22},"end":{"line":3,"column":28}},"loc":{"start":{"line":3,"column":45},"end":{"line":6,"column":null}},"line":3},"1":{"name":"register","decl":{"start":{"line":8,"column":22},"end":{"line":8,"column":31}},"loc":{"start":{"line":8,"column":48},"end":{"line":11,"column":null}},"line":8}},"branchMap":{},"s":{"0":2,"1":1,"2":2,"3":1},"f":{"0":2,"1":2},"b":{},"meta":{"lastBranch":0,"lastFunction":2,"lastStatement":4,"seen":{"f:3:22:3:28":0,"s:4:19:4:Infinity":0,"s:5:2:5:Infinity":1,"f:8:22:8:31":1,"s:9:19:9:Infinity":2,"s:10:2:10:Infinity":3},"fnNames":{}}}
,"/home/vasu/Projects/Car-Dealership-Inventory-System/frontend/src/services/vehicleService.js": {"path":"/home/vasu/Projects/Car-Dealership-Inventory-System/frontend/src/services/vehicleService.js","statementMap":{"0":{"start":{"line":4,"column":16},"end":{"line":4,"column":null}},"1":{"start":{"line":5,"column":2},"end":{"line":7,"column":null}},"2":{"start":{"line":11,"column":19},"end":{"line":11,"column":null}},"3":{"start":{"line":12,"column":2},"end":{"line":12,"column":null}},"4":{"start":{"line":17,"column":22},"end":{"line":19,"column":null}},"5":{"start":{"line":18,"column":46},"end":{"line":18,"column":87}},"6":{"start":{"line":21,"column":19},"end":{"line":24,"column":null}},"7":{"start":{"line":25,"column":2},"end":{"line":25,"column":null}},"8":{"start":{"line":36,"column":19},"end":{"line":36,"column":null}},"9":{"start":{"line":37,"column":2},"end":{"line":37,"column":null}},"10":{"start":{"line":44,"column":19},"end":{"line":44,"column":null}},"11":{"start":{"line":45,"column":2},"end":{"line":45,"column":null}},"12":{"start":{"line":52,"column":19},"end":{"line":52,"column":null}},"13":{"start":{"line":53,"column":2},"end":{"line":53,"column":null}},"14":{"start":{"line":60,"column":19},"end":{"line":60,"column":null}},"15":{"start":{"line":61,"column":2},"end":{"line":61,"column":null}}},"fnMap":{"0":{"name":"getAuthHeaders","decl":{"start":{"line":3,"column":9},"end":{"line":3,"column":26}},"loc":{"start":{"line":3,"column":26},"end":{"line":8,"column":null}},"line":3},"1":{"name":"getVehicles","decl":{"start":{"line":10,"column":22},"end":{"line":10,"column":36}},"loc":{"start":{"line":10,"column":36},"end":{"line":13,"column":null}},"line":10},"2":{"name":"searchVehicles","decl":{"start":{"line":15,"column":22},"end":{"line":15,"column":37}},"loc":{"start":{"line":15,"column":45},"end":{"line":26,"column":null}},"line":15},"3":{"name":"(anonymous_3)","decl":{"start":{"line":18,"column":27},"end":{"line":18,"column":35}},"loc":{"start":{"line":18,"column":46},"end":{"line":18,"column":87}},"line":18},"4":{"name":"addVehicle","decl":{"start":{"line":35,"column":22},"end":{"line":35,"column":33}},"loc":{"start":{"line":35,"column":46},"end":{"line":38,"column":null}},"line":35},"5":{"name":"updateVehicle","decl":{"start":{"line":43,"column":22},"end":{"line":43,"column":36}},"loc":{"start":{"line":43,"column":53},"end":{"line":46,"column":null}},"line":43},"6":{"name":"deleteVehicle","decl":{"start":{"line":51,"column":22},"end":{"line":51,"column":36}},"loc":{"start":{"line":51,"column":40},"end":{"line":54,"column":null}},"line":51},"7":{"name":"purchaseVehicle","decl":{"start":{"line":59,"column":22},"end":{"line":59,"column":38}},"loc":{"start":{"line":59,"column":42},"end":{"line":62,"column":null}},"line":59}},"branchMap":{"0":{"loc":{"start":{"line":18,"column":46},"end":{"line":18,"column":87}},"type":"binary-expr","locations":[{"start":{"line":18,"column":46},"end":{"line":18,"column":58}},{"start":{"line":18,"column":58},"end":{"line":18,"column":72}},{"start":{"line":18,"column":72},"end":{"line":18,"column":87}}],"line":18}},"s":{"0":7,"1":7,"2":1,"3":1,"4":2,"5":5,"6":2,"7":2,"8":1,"9":1,"10":1,"11":1,"12":1,"13":1,"14":1,"15":1},"f":{"0":7,"1":1,"2":2,"3":5,"4":1,"5":1,"6":1,"7":1},"b":{"0":[5,3,3]},"meta":{"lastBranch":1,"lastFunction":8,"lastStatement":16,"seen":{"f:3:9:3:26":0,"s:4:16:4:Infinity":0,"s:5:2:7:Infinity":1,"f:10:22:10:36":1,"s:11:19:11:Infinity":2,"s:12:2:12:Infinity":3,"f:15:22:15:37":2,"s:17:22:19:Infinity":4,"f:18:27:18:35":3,"s:18:46:18:87":5,"b:18:46:18:58:18:58:18:72:18:72:18:87":0,"s:21:19:24:Infinity":6,"s:25:2:25:Infinity":7,"f:35:22:35:33":4,"s:36:19:36:Infinity":8,"s:37:2:37:Infinity":9,"f:43:22:43:36":5,"s:44:19:44:Infinity":10,"s:45:2:45:Infinity":11,"f:51:22:51:36":6,"s:52:19:52:Infinity":12,"s:53:2:53:Infinity":13,"f:59:22:59:38":7,"s:60:19:60:Infinity":14,"s:61:2:61:Infinity":15},"fnNames":{}}}
}
